<?xml version="1.0" encoding="UTF-8"?>
<testsuite name="JUnit Jupiter" tests="4" skipped="0" failures="1" errors="0" time="0.036" hostname="necropolis" timestamp="2025-06-08T19:00:21">
<properties>
<property name="file.encoding" value="UTF-8"/>
<property name="file.separator" value="/"/>
<property name="java.class.path" value="/home/necropheus/.local/share/nvim/neotest-java/junit-platform-console-standalone-1.10.1.jar"/>
<property name="java.class.version" value="65.0"/>
<property name="java.home" value="/nix/store/sbi30vfjsw6b099fmn43vgq70ddl03cr-openjdk-21.0.5+11/lib/openjdk"/>
<property name="java.io.tmpdir" value="/tmp"/>
<property name="java.library.path" value="/usr/java/packages/lib:/usr/lib64:/lib64:/lib:/usr/lib"/>
<property name="java.runtime.name" value="OpenJDK Runtime Environment"/>
<property name="java.runtime.version" value="21.0.5+1-nixos"/>
<property name="java.specification.name" value="Java Platform API Specification"/>
<property name="java.specification.vendor" value="Oracle Corporation"/>
<property name="java.specification.version" value="21"/>
<property name="java.vendor" value="N/A"/>
<property name="java.vendor.url" value="https://openjdk.org/"/>
<property name="java.vendor.url.bug" value="https://bugreport.java.com/bugreport/"/>
<property name="java.version" value="21.0.5"/>
<property name="java.version.date" value="2024-10-15"/>
<property name="java.vm.compressedOopsMode" value="Zero based"/>
<property name="java.vm.info" value="mixed mode, sharing"/>
<property name="java.vm.name" value="OpenJDK 64-Bit Server VM"/>
<property name="java.vm.specification.name" value="Java Virtual Machine Specification"/>
<property name="java.vm.specification.vendor" value="Oracle Corporation"/>
<property name="java.vm.specification.version" value="21"/>
<property name="java.vm.vendor" value="Oracle Corporation"/>
<property name="java.vm.version" value="21.0.5+1-nixos"/>
<property name="jdk.debug" value="release"/>
<property name="line.separator" value="
"/>
<property name="native.encoding" value="UTF-8"/>
<property name="os.arch" value="amd64"/>
<property name="os.name" value="Linux"/>
<property name="os.version" value="6.6.69"/>
<property name="path.separator" value=":"/>
<property name="stderr.encoding" value="UTF-8"/>
<property name="stdout.encoding" value="UTF-8"/>
<property name="sun.arch.data.model" value="64"/>
<property name="sun.boot.library.path" value="/nix/store/sbi30vfjsw6b099fmn43vgq70ddl03cr-openjdk-21.0.5+11/lib/openjdk/lib"/>
<property name="sun.cpu.endian" value="little"/>
<property name="sun.io.unicode.encoding" value="UnicodeLittle"/>
<property name="sun.java.command" value="/home/necropheus/.local/share/nvim/neotest-java/junit-platform-console-standalone-1.10.1.jar execute @./target/classes/.cp --reports-dir=./target/classes/junit-reports/080625190021 --fail-if-no-tests --disable-banner --details=testfeed --config=junit.platform.output.capture.stdout=true -c=aed.HeapTransaccionesTests"/>
<property name="sun.java.launcher" value="SUN_STANDARD"/>
<property name="sun.jnu.encoding" value="UTF-8"/>
<property name="sun.management.compiler" value="HotSpot 64-Bit Tiered Compilers"/>
<property name="user.country" value="US"/>
<property name="user.dir" value="/home/necropheus/Documents/projects/facu/algoritmos/tp2"/>
<property name="user.home" value="/home/necropheus"/>
<property name="user.language" value="en"/>
<property name="user.name" value="necropheus"/>
<property name="user.timezone" value="America/Argentina/Buenos_Aires"/>
</properties>
<testcase name="crearHeap()" classname="aed.HeapTransaccionesTests" time="0.003">
<failure message="El heapIndex de la transacción 0 no es correcto ==&gt; expected: &lt;4&gt; but was: &lt;1&gt;" type="org.opentest4j.AssertionFailedError"><![CDATA[org.opentest4j.AssertionFailedError: El heapIndex de la transacción 0 no es correcto ==> expected: <4> but was: <1>
	at org.junit.jupiter.api.AssertionFailureBuilder.build(AssertionFailureBuilder.java:151)
	at org.junit.jupiter.api.AssertionFailureBuilder.buildAndThrow(AssertionFailureBuilder.java:132)
	at org.junit.jupiter.api.AssertEquals.failNotEqual(AssertEquals.java:197)
	at org.junit.jupiter.api.AssertEquals.assertEquals(AssertEquals.java:150)
	at org.junit.jupiter.api.Assertions.assertEquals(Assertions.java:563)
	at aed.HeapTransaccionesTests.crearHeap(HeapTransaccionesTests.java:28)
	at java.base/java.lang.reflect.Method.invoke(Method.java:580)
	at java.base/java.util.ArrayList.forEach(ArrayList.java:1596)
	at java.base/java.util.ArrayList.forEach(ArrayList.java:1596)
]]></failure>
<system-out><![CDATA[
unique-id: [engine:junit-jupiter]/[class:aed.HeapTransaccionesTests]/[method:crearHeap()]
display-name: crearHeap()
]]></system-out>
</testcase>
<testcase name="hackearUnaVez()" classname="aed.HeapTransaccionesTests" time="0">
<system-out><![CDATA[
unique-id: [engine:junit-jupiter]/[class:aed.HeapTransaccionesTests]/[method:hackearUnaVez()]
display-name: hackearUnaVez()
]]></system-out>
</testcase>
<testcase name="heapIndex_actualizado_correctamente()" classname="aed.HeapTransaccionesTests" time="0.01">
<system-out><![CDATA[
unique-id: [engine:junit-jupiter]/[class:aed.HeapTransaccionesTests]/[method:heapIndex_actualizado_correctamente()]
display-name: heapIndex_actualizado_correctamente()
]]></system-out>
</testcase>
<testcase name="hackearVariasVeces()" classname="aed.HeapTransaccionesTests" time="0">
<system-out><![CDATA[
unique-id: [engine:junit-jupiter]/[class:aed.HeapTransaccionesTests]/[method:hackearVariasVeces()]
display-name: hackearVariasVeces()
]]></system-out>
</testcase>
<system-out><![CDATA[
unique-id: [engine:junit-jupiter]
display-name: JUnit Jupiter
]]></system-out>
</testsuite>
