<?xml version="1.0" encoding="UTF-8"?>
<testsuite name="JUnit Vintage" tests="0" skipped="0" failures="0" errors="0" time="0" hostname="necropolis" timestamp="2025-06-09T10:10:20">
<properties>
<property name="file.encoding" value="UTF-8"/>
<property name="file.separator" value="/"/>
<property name="java.class.path" value="/home/necropheus/.local/share/nvim/neotest-java/junit-platform-console-standalone-1.10.1.jar"/>
<property name="java.class.version" value="65.0"/>
<property name="java.home" value="/nix/store/sbi30vfjsw6b099fmn43vgq70ddl03cr-openjdk-21.0.5+11/lib/openjdk"/>
<property name="java.io.tmpdir" value="/tmp"/>
<property name="java.library.path" value="/usr/java/packages/lib:/usr/lib64:/lib64:/lib:/usr/lib"/>
<property name="java.runtime.name" value="OpenJDK Runtime Environment"/>
<property name="java.runtime.version" value="21.0.5+1-nixos"/>
<property name="java.specification.name" value="Java Platform API Specification"/>
<property name="java.specification.vendor" value="Oracle Corporation"/>
<property name="java.specification.version" value="21"/>
<property name="java.vendor" value="N/A"/>
<property name="java.vendor.url" value="https://openjdk.org/"/>
<property name="java.vendor.url.bug" value="https://bugreport.java.com/bugreport/"/>
<property name="java.version" value="21.0.5"/>
<property name="java.version.date" value="2024-10-15"/>
<property name="java.vm.compressedOopsMode" value="Zero based"/>
<property name="java.vm.info" value="mixed mode, sharing"/>
<property name="java.vm.name" value="OpenJDK 64-Bit Server VM"/>
<property name="java.vm.specification.name" value="Java Virtual Machine Specification"/>
<property name="java.vm.specification.vendor" value="Oracle Corporation"/>
<property name="java.vm.specification.version" value="21"/>
<property name="java.vm.vendor" value="Oracle Corporation"/>
<property name="java.vm.version" value="21.0.5+1-nixos"/>
<property name="jdk.debug" value="release"/>
<property name="line.separator" value="
"/>
<property name="native.encoding" value="UTF-8"/>
<property name="os.arch" value="amd64"/>
<property name="os.name" value="Linux"/>
<property name="os.version" value="6.6.69"/>
<property name="path.separator" value=":"/>
<property name="stderr.encoding" value="UTF-8"/>
<property name="stdout.encoding" value="UTF-8"/>
<property name="sun.arch.data.model" value="64"/>
<property name="sun.boot.library.path" value="/nix/store/sbi30vfjsw6b099fmn43vgq70ddl03cr-openjdk-21.0.5+11/lib/openjdk/lib"/>
<property name="sun.cpu.endian" value="little"/>
<property name="sun.io.unicode.encoding" value="UnicodeLittle"/>
<property name="sun.java.command" value="/home/necropheus/.local/share/nvim/neotest-java/junit-platform-console-standalone-1.10.1.jar execute @./target/classes/.cp --reports-dir=./target/classes/junit-reports/090625101019 --fail-if-no-tests --disable-banner --details=testfeed --config=junit.platform.output.capture.stdout=true -c=aed.HeapUsuariosTests"/>
<property name="sun.java.launcher" value="SUN_STANDARD"/>
<property name="sun.jnu.encoding" value="UTF-8"/>
<property name="sun.management.compiler" value="HotSpot 64-Bit Tiered Compilers"/>
<property name="user.country" value="US"/>
<property name="user.dir" value="/home/necropheus/Documents/projects/facu/algoritmos/tp2"/>
<property name="user.home" value="/home/necropheus"/>
<property name="user.language" value="en"/>
<property name="user.name" value="necropheus"/>
<property name="user.timezone" value="America/Argentina/Buenos_Aires"/>
</properties>
<system-out><![CDATA[
unique-id: [engine:junit-vintage]
display-name: JUnit Vintage
]]></system-out>
</testsuite>
